<?xml version="1.0" encoding="UTF-8"?>
<testng-results skipped="0" failed="0" ignored="0" total="1" passed="1">
  <reporter-output>
    <line>
      <![CDATA[XL Data:admin]]>
    </line>
    <line>
      <![CDATA[Demo test]]>
    </line>
  </reporter-output>
  <suite name="Suite" duration-ms="65272" started-at="2022-01-15T15:43:01 IST" finished-at="2022-01-15T15:44:06 IST">
    <groups>
    </groups>
    <test name="Test" duration-ms="65272" started-at="2022-01-15T15:43:01 IST" finished-at="2022-01-15T15:44:06 IST">
      <class name="scripts.Demo">
        <test-method status="PASS" signature="openApp()[pri:0, instance:scripts.Demo@7dc0f706]" name="openApp" is-config="true" duration-ms="60085" started-at="2022-01-15T15:43:01 IST" finished-at="2022-01-15T15:44:01 IST">
          <reporter-output>
          </reporter-output>
        </test-method> <!-- openApp -->
        <test-method status="PASS" signature="testA()[pri:0, instance:scripts.Demo@7dc0f706]" name="testA" duration-ms="3992" started-at="2022-01-15T15:44:01 IST" finished-at="2022-01-15T15:44:05 IST">
          <reporter-output>
            <line>
              <![CDATA[XL Data:admin]]>
            </line>
            <line>
              <![CDATA[Demo test]]>
            </line>
          </reporter-output>
        </test-method> <!-- testA -->
        <test-method status="PASS" signature="closeApp()[pri:0, instance:scripts.Demo@7dc0f706]" name="closeApp" is-config="true" duration-ms="1077" started-at="2022-01-15T15:44:05 IST" finished-at="2022-01-15T15:44:06 IST">
          <reporter-output>
          </reporter-output>
        </test-method> <!-- closeApp -->
      </class> <!-- scripts.Demo -->
    </test> <!-- Test -->
  </suite> <!-- Suite -->
</testng-results>
